[2023-05-04 10:03:55] [INFO]    [OmnipathR] Welcome to OmnipathR!
[2023-05-04 10:03:55] [INFO]    [OmnipathR] Initialized cache: `/Users/giorgiacucina/Library/Caches/OmnipathR`.
[2023-05-04 10:03:55] [TRACE]   [OmnipathR] Loaded data from RDS `/Users/giorgiacucina/Library/Caches/OmnipathR/a936d047aec5e3fcc61b42b75f13587cc2b40099-1.rds`.
[2023-05-04 10:03:55] [INFO]    [OmnipathR] Loaded from cache: `https://omnipathdb.org/complexes?resources=CORUM&license=academic`
[2023-05-04 10:03:55] [SUCCESS] [OmnipathR] Loaded 2734 protein complexes from cache.
[2023-05-04 10:04:42] [TRACE]   [OmnipathR] Loaded data from RDS `/Users/giorgiacucina/Library/Caches/OmnipathR/a936d047aec5e3fcc61b42b75f13587cc2b40099-1.rds`.
[2023-05-04 10:04:42] [INFO]    [OmnipathR] Loaded from cache: `https://omnipathdb.org/complexes?resources=CORUM&license=academic`
[2023-05-04 10:04:42] [SUCCESS] [OmnipathR] Loaded 2734 protein complexes from cache.
[2023-05-04 13:23:56] [TRACE]   [OmnipathR] Loaded data from RDS `/Users/giorgiacucina/Library/Caches/OmnipathR/a936d047aec5e3fcc61b42b75f13587cc2b40099-1.rds`.
[2023-05-04 13:23:56] [INFO]    [OmnipathR] Loaded from cache: `https://omnipathdb.org/complexes?resources=CORUM&license=academic`
[2023-05-04 13:23:56] [SUCCESS] [OmnipathR] Loaded 2734 protein complexes from cache.
[2023-05-04 15:54:37] [TRACE]   [OmnipathR] Loaded data from RDS `/Users/giorgiacucina/Library/Caches/OmnipathR/a936d047aec5e3fcc61b42b75f13587cc2b40099-1.rds`.
[2023-05-04 15:54:37] [INFO]    [OmnipathR] Loaded from cache: `https://omnipathdb.org/complexes?resources=CORUM&license=academic`
[2023-05-04 15:54:37] [SUCCESS] [OmnipathR] Loaded 2734 protein complexes from cache.
[2023-05-04 15:54:46] [TRACE]   [OmnipathR] Loaded data from RDS `/Users/giorgiacucina/Library/Caches/OmnipathR/a936d047aec5e3fcc61b42b75f13587cc2b40099-1.rds`.
[2023-05-04 15:54:46] [INFO]    [OmnipathR] Loaded from cache: `https://omnipathdb.org/complexes?resources=CORUM&license=academic`
[2023-05-04 15:54:46] [SUCCESS] [OmnipathR] Loaded 2734 protein complexes from cache.
[2023-05-04 17:21:45] [TRACE]   [OmnipathR] Loaded data from RDS `/Users/giorgiacucina/Library/Caches/OmnipathR/a936d047aec5e3fcc61b42b75f13587cc2b40099-1.rds`.
[2023-05-04 17:21:45] [INFO]    [OmnipathR] Loaded from cache: `https://omnipathdb.org/complexes?resources=CORUM&license=academic`
[2023-05-04 17:21:45] [SUCCESS] [OmnipathR] Loaded 2734 protein complexes from cache.
[2023-05-04 17:21:57] [TRACE]   [OmnipathR] Loaded data from RDS `/Users/giorgiacucina/Library/Caches/OmnipathR/a936d047aec5e3fcc61b42b75f13587cc2b40099-1.rds`.
[2023-05-04 17:21:57] [INFO]    [OmnipathR] Loaded from cache: `https://omnipathdb.org/complexes?resources=CORUM&license=academic`
[2023-05-04 17:21:57] [SUCCESS] [OmnipathR] Loaded 2734 protein complexes from cache.
[2023-05-04 17:23:38] [TRACE]   [OmnipathR] Loaded data from RDS `/Users/giorgiacucina/Library/Caches/OmnipathR/a936d047aec5e3fcc61b42b75f13587cc2b40099-1.rds`.
[2023-05-04 17:23:38] [INFO]    [OmnipathR] Loaded from cache: `https://omnipathdb.org/complexes?resources=CORUM&license=academic`
[2023-05-04 17:23:38] [SUCCESS] [OmnipathR] Loaded 2734 protein complexes from cache.
[2023-05-04 17:24:00] [TRACE]   [OmnipathR] Loaded data from RDS `/Users/giorgiacucina/Library/Caches/OmnipathR/a936d047aec5e3fcc61b42b75f13587cc2b40099-1.rds`.
[2023-05-04 17:24:00] [INFO]    [OmnipathR] Loaded from cache: `https://omnipathdb.org/complexes?resources=CORUM&license=academic`
[2023-05-04 17:24:00] [SUCCESS] [OmnipathR] Loaded 2734 protein complexes from cache.
[2023-05-04 17:28:58] [TRACE]   [OmnipathR] Loaded data from RDS `/Users/giorgiacucina/Library/Caches/OmnipathR/a936d047aec5e3fcc61b42b75f13587cc2b40099-1.rds`.
[2023-05-04 17:28:58] [INFO]    [OmnipathR] Loaded from cache: `https://omnipathdb.org/complexes?resources=CORUM&license=academic`
[2023-05-04 17:28:58] [SUCCESS] [OmnipathR] Loaded 2734 protein complexes from cache.
[2023-05-04 17:29:06] [TRACE]   [OmnipathR] Loaded data from RDS `/Users/giorgiacucina/Library/Caches/OmnipathR/a936d047aec5e3fcc61b42b75f13587cc2b40099-1.rds`.
[2023-05-04 17:29:06] [INFO]    [OmnipathR] Loaded from cache: `https://omnipathdb.org/complexes?resources=CORUM&license=academic`
[2023-05-04 17:29:06] [SUCCESS] [OmnipathR] Loaded 2734 protein complexes from cache.
[2023-05-04 17:36:08] [TRACE]   [OmnipathR] Loaded data from RDS `/Users/giorgiacucina/Library/Caches/OmnipathR/a936d047aec5e3fcc61b42b75f13587cc2b40099-1.rds`.
[2023-05-04 17:36:08] [INFO]    [OmnipathR] Loaded from cache: `https://omnipathdb.org/complexes?resources=CORUM&license=academic`
[2023-05-04 17:36:08] [SUCCESS] [OmnipathR] Loaded 2734 protein complexes from cache.
[2023-05-05 11:09:24] [TRACE]   [OmnipathR] Loaded data from RDS `/Users/giorgiacucina/Library/Caches/OmnipathR/a936d047aec5e3fcc61b42b75f13587cc2b40099-1.rds`.
[2023-05-05 11:09:24] [INFO]    [OmnipathR] Loaded from cache: `https://omnipathdb.org/complexes?resources=CORUM&license=academic`
[2023-05-05 11:09:24] [SUCCESS] [OmnipathR] Loaded 2734 protein complexes from cache.
[2023-05-08 12:09:43] [TRACE]   [OmnipathR] Loaded data from RDS `/Users/giorgiacucina/Library/Caches/OmnipathR/a936d047aec5e3fcc61b42b75f13587cc2b40099-1.rds`.
[2023-05-08 12:09:43] [INFO]    [OmnipathR] Loaded from cache: `https://omnipathdb.org/complexes?resources=CORUM&license=academic`
[2023-05-08 12:09:43] [SUCCESS] [OmnipathR] Loaded 2734 protein complexes from cache.
[2023-05-08 13:36:11] [TRACE]   [OmnipathR] Loaded data from RDS `/Users/giorgiacucina/Library/Caches/OmnipathR/a936d047aec5e3fcc61b42b75f13587cc2b40099-1.rds`.
[2023-05-08 13:36:11] [INFO]    [OmnipathR] Loaded from cache: `https://omnipathdb.org/complexes?resources=CORUM&license=academic`
[2023-05-08 13:36:11] [SUCCESS] [OmnipathR] Loaded 2734 protein complexes from cache.
[2023-05-08 14:07:39] [TRACE]   [OmnipathR] Loaded data from RDS `/Users/giorgiacucina/Library/Caches/OmnipathR/a936d047aec5e3fcc61b42b75f13587cc2b40099-1.rds`.
[2023-05-08 14:07:39] [INFO]    [OmnipathR] Loaded from cache: `https://omnipathdb.org/complexes?resources=CORUM&license=academic`
[2023-05-08 14:07:39] [SUCCESS] [OmnipathR] Loaded 2734 protein complexes from cache.
[2023-05-08 16:48:38] [TRACE]   [OmnipathR] Loaded data from RDS `/Users/giorgiacucina/Library/Caches/OmnipathR/a936d047aec5e3fcc61b42b75f13587cc2b40099-1.rds`.
[2023-05-08 16:48:38] [INFO]    [OmnipathR] Loaded from cache: `https://omnipathdb.org/complexes?resources=CORUM&license=academic`
[2023-05-08 16:48:38] [SUCCESS] [OmnipathR] Loaded 2734 protein complexes from cache.
[2023-05-08 16:55:34] [TRACE]   [OmnipathR] Loaded data from RDS `/Users/giorgiacucina/Library/Caches/OmnipathR/a936d047aec5e3fcc61b42b75f13587cc2b40099-1.rds`.
[2023-05-08 16:55:34] [INFO]    [OmnipathR] Loaded from cache: `https://omnipathdb.org/complexes?resources=CORUM&license=academic`
[2023-05-08 16:55:34] [SUCCESS] [OmnipathR] Loaded 2734 protein complexes from cache.
[2023-05-08 17:12:10] [TRACE]   [OmnipathR] Loaded data from RDS `/Users/giorgiacucina/Library/Caches/OmnipathR/a936d047aec5e3fcc61b42b75f13587cc2b40099-1.rds`.
[2023-05-08 17:12:10] [INFO]    [OmnipathR] Loaded from cache: `https://omnipathdb.org/complexes?resources=CORUM&license=academic`
[2023-05-08 17:12:10] [SUCCESS] [OmnipathR] Loaded 2734 protein complexes from cache.
[2023-05-08 17:13:03] [TRACE]   [OmnipathR] Loaded data from RDS `/Users/giorgiacucina/Library/Caches/OmnipathR/a936d047aec5e3fcc61b42b75f13587cc2b40099-1.rds`.
[2023-05-08 17:13:03] [INFO]    [OmnipathR] Loaded from cache: `https://omnipathdb.org/complexes?resources=CORUM&license=academic`
[2023-05-08 17:13:03] [SUCCESS] [OmnipathR] Loaded 2734 protein complexes from cache.
[2023-05-08 17:15:17] [TRACE]   [OmnipathR] Loaded data from RDS `/Users/giorgiacucina/Library/Caches/OmnipathR/a936d047aec5e3fcc61b42b75f13587cc2b40099-1.rds`.
[2023-05-08 17:15:17] [INFO]    [OmnipathR] Loaded from cache: `https://omnipathdb.org/complexes?resources=CORUM&license=academic`
[2023-05-08 17:15:17] [SUCCESS] [OmnipathR] Loaded 2734 protein complexes from cache.
[2023-05-08 17:15:25] [TRACE]   [OmnipathR] Loaded data from RDS `/Users/giorgiacucina/Library/Caches/OmnipathR/a936d047aec5e3fcc61b42b75f13587cc2b40099-1.rds`.
[2023-05-08 17:15:25] [INFO]    [OmnipathR] Loaded from cache: `https://omnipathdb.org/complexes?resources=CORUM&license=academic`
[2023-05-08 17:15:25] [SUCCESS] [OmnipathR] Loaded 2734 protein complexes from cache.
[2023-05-08 17:16:37] [TRACE]   [OmnipathR] Loaded data from RDS `/Users/giorgiacucina/Library/Caches/OmnipathR/a936d047aec5e3fcc61b42b75f13587cc2b40099-1.rds`.
[2023-05-08 17:16:37] [INFO]    [OmnipathR] Loaded from cache: `https://omnipathdb.org/complexes?resources=CORUM&license=academic`
[2023-05-08 17:16:37] [SUCCESS] [OmnipathR] Loaded 2734 protein complexes from cache.
[2023-05-08 17:16:52] [TRACE]   [OmnipathR] Loaded data from RDS `/Users/giorgiacucina/Library/Caches/OmnipathR/a936d047aec5e3fcc61b42b75f13587cc2b40099-1.rds`.
[2023-05-08 17:16:52] [INFO]    [OmnipathR] Loaded from cache: `https://omnipathdb.org/complexes?resources=CORUM&license=academic`
[2023-05-08 17:16:52] [SUCCESS] [OmnipathR] Loaded 2734 protein complexes from cache.
[2023-05-08 17:17:02] [TRACE]   [OmnipathR] Loaded data from RDS `/Users/giorgiacucina/Library/Caches/OmnipathR/a936d047aec5e3fcc61b42b75f13587cc2b40099-1.rds`.
[2023-05-08 17:17:02] [INFO]    [OmnipathR] Loaded from cache: `https://omnipathdb.org/complexes?resources=CORUM&license=academic`
[2023-05-08 17:17:02] [SUCCESS] [OmnipathR] Loaded 2734 protein complexes from cache.
[2023-05-08 17:17:29] [TRACE]   [OmnipathR] Loaded data from RDS `/Users/giorgiacucina/Library/Caches/OmnipathR/a936d047aec5e3fcc61b42b75f13587cc2b40099-1.rds`.
[2023-05-08 17:17:29] [INFO]    [OmnipathR] Loaded from cache: `https://omnipathdb.org/complexes?resources=CORUM&license=academic`
[2023-05-08 17:17:29] [SUCCESS] [OmnipathR] Loaded 2734 protein complexes from cache.
[2023-05-08 17:18:22] [TRACE]   [OmnipathR] Loaded data from RDS `/Users/giorgiacucina/Library/Caches/OmnipathR/a936d047aec5e3fcc61b42b75f13587cc2b40099-1.rds`.
[2023-05-08 17:18:22] [INFO]    [OmnipathR] Loaded from cache: `https://omnipathdb.org/complexes?resources=CORUM&license=academic`
[2023-05-08 17:18:22] [SUCCESS] [OmnipathR] Loaded 2734 protein complexes from cache.
[2023-05-08 17:19:29] [TRACE]   [OmnipathR] Loaded data from RDS `/Users/giorgiacucina/Library/Caches/OmnipathR/a936d047aec5e3fcc61b42b75f13587cc2b40099-1.rds`.
[2023-05-08 17:19:29] [INFO]    [OmnipathR] Loaded from cache: `https://omnipathdb.org/complexes?resources=CORUM&license=academic`
[2023-05-08 17:19:29] [SUCCESS] [OmnipathR] Loaded 2734 protein complexes from cache.
[2023-05-08 17:23:08] [TRACE]   [OmnipathR] Loaded data from RDS `/Users/giorgiacucina/Library/Caches/OmnipathR/a936d047aec5e3fcc61b42b75f13587cc2b40099-1.rds`.
[2023-05-08 17:23:08] [INFO]    [OmnipathR] Loaded from cache: `https://omnipathdb.org/complexes?resources=CORUM&license=academic`
[2023-05-08 17:23:08] [SUCCESS] [OmnipathR] Loaded 2734 protein complexes from cache.
[2023-05-08 17:23:14] [TRACE]   [OmnipathR] Loaded data from RDS `/Users/giorgiacucina/Library/Caches/OmnipathR/a936d047aec5e3fcc61b42b75f13587cc2b40099-1.rds`.
[2023-05-08 17:23:14] [INFO]    [OmnipathR] Loaded from cache: `https://omnipathdb.org/complexes?resources=CORUM&license=academic`
[2023-05-08 17:23:14] [SUCCESS] [OmnipathR] Loaded 2734 protein complexes from cache.
[2023-05-08 17:23:22] [TRACE]   [OmnipathR] Loaded data from RDS `/Users/giorgiacucina/Library/Caches/OmnipathR/a936d047aec5e3fcc61b42b75f13587cc2b40099-1.rds`.
[2023-05-08 17:23:22] [INFO]    [OmnipathR] Loaded from cache: `https://omnipathdb.org/complexes?resources=CORUM&license=academic`
[2023-05-08 17:23:22] [SUCCESS] [OmnipathR] Loaded 2734 protein complexes from cache.
[2023-05-08 17:24:50] [TRACE]   [OmnipathR] Loaded data from RDS `/Users/giorgiacucina/Library/Caches/OmnipathR/a936d047aec5e3fcc61b42b75f13587cc2b40099-1.rds`.
[2023-05-08 17:24:50] [INFO]    [OmnipathR] Loaded from cache: `https://omnipathdb.org/complexes?resources=CORUM&license=academic`
[2023-05-08 17:24:50] [SUCCESS] [OmnipathR] Loaded 2734 protein complexes from cache.
[2023-05-08 17:28:15] [TRACE]   [OmnipathR] Loaded data from RDS `/Users/giorgiacucina/Library/Caches/OmnipathR/a936d047aec5e3fcc61b42b75f13587cc2b40099-1.rds`.
[2023-05-08 17:28:15] [INFO]    [OmnipathR] Loaded from cache: `https://omnipathdb.org/complexes?resources=CORUM&license=academic`
[2023-05-08 17:28:15] [SUCCESS] [OmnipathR] Loaded 2734 protein complexes from cache.
[2023-05-08 17:40:22] [TRACE]   [OmnipathR] Loaded data from RDS `/Users/giorgiacucina/Library/Caches/OmnipathR/a936d047aec5e3fcc61b42b75f13587cc2b40099-1.rds`.
[2023-05-08 17:40:22] [INFO]    [OmnipathR] Loaded from cache: `https://omnipathdb.org/complexes?resources=CORUM&license=academic`
[2023-05-08 17:40:22] [SUCCESS] [OmnipathR] Loaded 2734 protein complexes from cache.
[2023-05-09 10:35:31] [TRACE]   [OmnipathR] Loaded data from RDS `/Users/giorgiacucina/Library/Caches/OmnipathR/a936d047aec5e3fcc61b42b75f13587cc2b40099-1.rds`.
[2023-05-09 10:35:31] [INFO]    [OmnipathR] Loaded from cache: `https://omnipathdb.org/complexes?resources=CORUM&license=academic`
[2023-05-09 10:35:31] [SUCCESS] [OmnipathR] Loaded 2734 protein complexes from cache.
[2023-05-09 10:36:06] [TRACE]   [OmnipathR] Loaded data from RDS `/Users/giorgiacucina/Library/Caches/OmnipathR/a936d047aec5e3fcc61b42b75f13587cc2b40099-1.rds`.
[2023-05-09 10:36:06] [INFO]    [OmnipathR] Loaded from cache: `https://omnipathdb.org/complexes?resources=CORUM&license=academic`
[2023-05-09 10:36:06] [SUCCESS] [OmnipathR] Loaded 2734 protein complexes from cache.
[2023-05-09 10:38:50] [TRACE]   [OmnipathR] Loaded data from RDS `/Users/giorgiacucina/Library/Caches/OmnipathR/a936d047aec5e3fcc61b42b75f13587cc2b40099-1.rds`.
[2023-05-09 10:38:50] [INFO]    [OmnipathR] Loaded from cache: `https://omnipathdb.org/complexes?resources=CORUM&license=academic`
[2023-05-09 10:38:50] [SUCCESS] [OmnipathR] Loaded 2734 protein complexes from cache.
[2023-05-09 10:42:17] [TRACE]   [OmnipathR] Loaded data from RDS `/Users/giorgiacucina/Library/Caches/OmnipathR/a936d047aec5e3fcc61b42b75f13587cc2b40099-1.rds`.
[2023-05-09 10:42:17] [INFO]    [OmnipathR] Loaded from cache: `https://omnipathdb.org/complexes?resources=CORUM&license=academic`
[2023-05-09 10:42:17] [SUCCESS] [OmnipathR] Loaded 2734 protein complexes from cache.
[2023-05-09 10:58:51] [TRACE]   [OmnipathR] Loaded data from RDS `/Users/giorgiacucina/Library/Caches/OmnipathR/a936d047aec5e3fcc61b42b75f13587cc2b40099-1.rds`.
[2023-05-09 10:58:51] [INFO]    [OmnipathR] Loaded from cache: `https://omnipathdb.org/complexes?resources=CORUM&license=academic`
[2023-05-09 10:58:51] [SUCCESS] [OmnipathR] Loaded 2734 protein complexes from cache.
[2023-05-09 11:52:27] [TRACE]   [OmnipathR] Loaded data from RDS `/Users/giorgiacucina/Library/Caches/OmnipathR/a936d047aec5e3fcc61b42b75f13587cc2b40099-1.rds`.
[2023-05-09 11:52:27] [INFO]    [OmnipathR] Loaded from cache: `https://omnipathdb.org/complexes?resources=CORUM&license=academic`
[2023-05-09 11:52:27] [SUCCESS] [OmnipathR] Loaded 2734 protein complexes from cache.
[2023-05-10 18:02:55] [TRACE]   [OmnipathR] Loaded data from RDS `/Users/giorgiacucina/Library/Caches/OmnipathR/a936d047aec5e3fcc61b42b75f13587cc2b40099-1.rds`.
[2023-05-10 18:02:55] [INFO]    [OmnipathR] Loaded from cache: `https://omnipathdb.org/complexes?resources=CORUM&license=academic`
[2023-05-10 18:02:55] [SUCCESS] [OmnipathR] Loaded 2734 protein complexes from cache.
[2023-05-10 18:03:42] [TRACE]   [OmnipathR] Loaded data from RDS `/Users/giorgiacucina/Library/Caches/OmnipathR/a936d047aec5e3fcc61b42b75f13587cc2b40099-1.rds`.
[2023-05-10 18:03:42] [INFO]    [OmnipathR] Loaded from cache: `https://omnipathdb.org/complexes?resources=CORUM&license=academic`
[2023-05-10 18:03:42] [SUCCESS] [OmnipathR] Loaded 2734 protein complexes from cache.
[2023-05-10 18:03:53] [TRACE]   [OmnipathR] Loaded data from RDS `/Users/giorgiacucina/Library/Caches/OmnipathR/a936d047aec5e3fcc61b42b75f13587cc2b40099-1.rds`.
[2023-05-10 18:03:53] [INFO]    [OmnipathR] Loaded from cache: `https://omnipathdb.org/complexes?resources=CORUM&license=academic`
[2023-05-10 18:03:53] [SUCCESS] [OmnipathR] Loaded 2734 protein complexes from cache.
[2023-05-10 18:04:16] [TRACE]   [OmnipathR] Loaded data from RDS `/Users/giorgiacucina/Library/Caches/OmnipathR/a936d047aec5e3fcc61b42b75f13587cc2b40099-1.rds`.
[2023-05-10 18:04:16] [INFO]    [OmnipathR] Loaded from cache: `https://omnipathdb.org/complexes?resources=CORUM&license=academic`
[2023-05-10 18:04:16] [SUCCESS] [OmnipathR] Loaded 2734 protein complexes from cache.
[2023-05-10 18:04:25] [TRACE]   [OmnipathR] Loaded data from RDS `/Users/giorgiacucina/Library/Caches/OmnipathR/a936d047aec5e3fcc61b42b75f13587cc2b40099-1.rds`.
[2023-05-10 18:04:25] [INFO]    [OmnipathR] Loaded from cache: `https://omnipathdb.org/complexes?resources=CORUM&license=academic`
[2023-05-10 18:04:25] [SUCCESS] [OmnipathR] Loaded 2734 protein complexes from cache.
[2023-05-10 18:11:51] [TRACE]   [OmnipathR] Loaded data from RDS `/Users/giorgiacucina/Library/Caches/OmnipathR/a936d047aec5e3fcc61b42b75f13587cc2b40099-1.rds`.
[2023-05-10 18:11:51] [INFO]    [OmnipathR] Loaded from cache: `https://omnipathdb.org/complexes?resources=CORUM&license=academic`
[2023-05-10 18:11:51] [SUCCESS] [OmnipathR] Loaded 2734 protein complexes from cache.
[2023-05-10 19:59:58] [TRACE]   [OmnipathR] Loaded data from RDS `/Users/giorgiacucina/Library/Caches/OmnipathR/a936d047aec5e3fcc61b42b75f13587cc2b40099-1.rds`.
[2023-05-10 19:59:58] [INFO]    [OmnipathR] Loaded from cache: `https://omnipathdb.org/complexes?resources=CORUM&license=academic`
[2023-05-10 19:59:58] [SUCCESS] [OmnipathR] Loaded 2734 protein complexes from cache.
[2023-05-10 20:01:31] [TRACE]   [OmnipathR] Loaded data from RDS `/Users/giorgiacucina/Library/Caches/OmnipathR/a936d047aec5e3fcc61b42b75f13587cc2b40099-1.rds`.
[2023-05-10 20:01:31] [INFO]    [OmnipathR] Loaded from cache: `https://omnipathdb.org/complexes?resources=CORUM&license=academic`
[2023-05-10 20:01:31] [SUCCESS] [OmnipathR] Loaded 2734 protein complexes from cache.
[2023-05-10 20:16:14] [TRACE]   [OmnipathR] Loaded data from RDS `/Users/giorgiacucina/Library/Caches/OmnipathR/a936d047aec5e3fcc61b42b75f13587cc2b40099-1.rds`.
[2023-05-10 20:16:14] [INFO]    [OmnipathR] Loaded from cache: `https://omnipathdb.org/complexes?resources=CORUM&license=academic`
[2023-05-10 20:16:14] [SUCCESS] [OmnipathR] Loaded 2734 protein complexes from cache.
[2023-05-10 20:18:56] [TRACE]   [OmnipathR] Loaded data from RDS `/Users/giorgiacucina/Library/Caches/OmnipathR/a936d047aec5e3fcc61b42b75f13587cc2b40099-1.rds`.
[2023-05-10 20:18:56] [INFO]    [OmnipathR] Loaded from cache: `https://omnipathdb.org/complexes?resources=CORUM&license=academic`
[2023-05-10 20:18:56] [SUCCESS] [OmnipathR] Loaded 2734 protein complexes from cache.
[2023-05-10 20:19:14] [TRACE]   [OmnipathR] Loaded data from RDS `/Users/giorgiacucina/Library/Caches/OmnipathR/a936d047aec5e3fcc61b42b75f13587cc2b40099-1.rds`.
[2023-05-10 20:19:14] [INFO]    [OmnipathR] Loaded from cache: `https://omnipathdb.org/complexes?resources=CORUM&license=academic`
[2023-05-10 20:19:14] [SUCCESS] [OmnipathR] Loaded 2734 protein complexes from cache.
[2023-05-10 20:21:47] [TRACE]   [OmnipathR] Loaded data from RDS `/Users/giorgiacucina/Library/Caches/OmnipathR/a936d047aec5e3fcc61b42b75f13587cc2b40099-1.rds`.
[2023-05-10 20:21:47] [INFO]    [OmnipathR] Loaded from cache: `https://omnipathdb.org/complexes?resources=CORUM&license=academic`
[2023-05-10 20:21:47] [SUCCESS] [OmnipathR] Loaded 2734 protein complexes from cache.
[2023-05-10 20:24:03] [TRACE]   [OmnipathR] Loaded data from RDS `/Users/giorgiacucina/Library/Caches/OmnipathR/a936d047aec5e3fcc61b42b75f13587cc2b40099-1.rds`.
[2023-05-10 20:24:03] [INFO]    [OmnipathR] Loaded from cache: `https://omnipathdb.org/complexes?resources=CORUM&license=academic`
[2023-05-10 20:24:03] [SUCCESS] [OmnipathR] Loaded 2734 protein complexes from cache.
[2023-05-10 20:25:21] [TRACE]   [OmnipathR] Loaded data from RDS `/Users/giorgiacucina/Library/Caches/OmnipathR/a936d047aec5e3fcc61b42b75f13587cc2b40099-1.rds`.
[2023-05-10 20:25:21] [INFO]    [OmnipathR] Loaded from cache: `https://omnipathdb.org/complexes?resources=CORUM&license=academic`
[2023-05-10 20:25:21] [SUCCESS] [OmnipathR] Loaded 2734 protein complexes from cache.
[2023-05-10 20:51:42] [TRACE]   [OmnipathR] Loaded data from RDS `/Users/giorgiacucina/Library/Caches/OmnipathR/a936d047aec5e3fcc61b42b75f13587cc2b40099-1.rds`.
[2023-05-10 20:51:42] [INFO]    [OmnipathR] Loaded from cache: `https://omnipathdb.org/complexes?resources=CORUM&license=academic`
[2023-05-10 20:51:42] [SUCCESS] [OmnipathR] Loaded 2734 protein complexes from cache.
[2023-05-10 20:51:56] [TRACE]   [OmnipathR] Loaded data from RDS `/Users/giorgiacucina/Library/Caches/OmnipathR/a936d047aec5e3fcc61b42b75f13587cc2b40099-1.rds`.
[2023-05-10 20:51:56] [INFO]    [OmnipathR] Loaded from cache: `https://omnipathdb.org/complexes?resources=CORUM&license=academic`
[2023-05-10 20:51:56] [SUCCESS] [OmnipathR] Loaded 2734 protein complexes from cache.
[2023-05-10 20:52:06] [TRACE]   [OmnipathR] Loaded data from RDS `/Users/giorgiacucina/Library/Caches/OmnipathR/a936d047aec5e3fcc61b42b75f13587cc2b40099-1.rds`.
[2023-05-10 20:52:06] [INFO]    [OmnipathR] Loaded from cache: `https://omnipathdb.org/complexes?resources=CORUM&license=academic`
[2023-05-10 20:52:06] [SUCCESS] [OmnipathR] Loaded 2734 protein complexes from cache.
[2023-05-10 20:53:17] [TRACE]   [OmnipathR] Loaded data from RDS `/Users/giorgiacucina/Library/Caches/OmnipathR/a936d047aec5e3fcc61b42b75f13587cc2b40099-1.rds`.
[2023-05-10 20:53:17] [INFO]    [OmnipathR] Loaded from cache: `https://omnipathdb.org/complexes?resources=CORUM&license=academic`
[2023-05-10 20:53:17] [SUCCESS] [OmnipathR] Loaded 2734 protein complexes from cache.
[2023-05-11 09:47:08] [TRACE]   [OmnipathR] Loaded data from RDS `/Users/giorgiacucina/Library/Caches/OmnipathR/a936d047aec5e3fcc61b42b75f13587cc2b40099-1.rds`.
[2023-05-11 09:47:08] [INFO]    [OmnipathR] Loaded from cache: `https://omnipathdb.org/complexes?resources=CORUM&license=academic`
[2023-05-11 09:47:08] [SUCCESS] [OmnipathR] Loaded 2734 protein complexes from cache.
[2023-05-11 10:04:15] [TRACE]   [OmnipathR] Loaded data from RDS `/Users/giorgiacucina/Library/Caches/OmnipathR/a936d047aec5e3fcc61b42b75f13587cc2b40099-1.rds`.
[2023-05-11 10:04:15] [INFO]    [OmnipathR] Loaded from cache: `https://omnipathdb.org/complexes?resources=CORUM&license=academic`
[2023-05-11 10:04:15] [SUCCESS] [OmnipathR] Loaded 2734 protein complexes from cache.
[2023-05-11 10:04:53] [TRACE]   [OmnipathR] Loaded data from RDS `/Users/giorgiacucina/Library/Caches/OmnipathR/a936d047aec5e3fcc61b42b75f13587cc2b40099-1.rds`.
[2023-05-11 10:04:53] [INFO]    [OmnipathR] Loaded from cache: `https://omnipathdb.org/complexes?resources=CORUM&license=academic`
[2023-05-11 10:04:53] [SUCCESS] [OmnipathR] Loaded 2734 protein complexes from cache.
[2023-05-11 10:05:40] [TRACE]   [OmnipathR] Loaded data from RDS `/Users/giorgiacucina/Library/Caches/OmnipathR/a936d047aec5e3fcc61b42b75f13587cc2b40099-1.rds`.
[2023-05-11 10:05:40] [INFO]    [OmnipathR] Loaded from cache: `https://omnipathdb.org/complexes?resources=CORUM&license=academic`
[2023-05-11 10:05:40] [SUCCESS] [OmnipathR] Loaded 2734 protein complexes from cache.
[2023-05-11 10:05:47] [TRACE]   [OmnipathR] Loaded data from RDS `/Users/giorgiacucina/Library/Caches/OmnipathR/a936d047aec5e3fcc61b42b75f13587cc2b40099-1.rds`.
[2023-05-11 10:05:47] [INFO]    [OmnipathR] Loaded from cache: `https://omnipathdb.org/complexes?resources=CORUM&license=academic`
[2023-05-11 10:05:47] [SUCCESS] [OmnipathR] Loaded 2734 protein complexes from cache.
[2023-05-11 10:06:00] [TRACE]   [OmnipathR] Loaded data from RDS `/Users/giorgiacucina/Library/Caches/OmnipathR/a936d047aec5e3fcc61b42b75f13587cc2b40099-1.rds`.
[2023-05-11 10:06:00] [INFO]    [OmnipathR] Loaded from cache: `https://omnipathdb.org/complexes?resources=CORUM&license=academic`
[2023-05-11 10:06:00] [SUCCESS] [OmnipathR] Loaded 2734 protein complexes from cache.
[2023-05-11 10:06:40] [TRACE]   [OmnipathR] Loaded data from RDS `/Users/giorgiacucina/Library/Caches/OmnipathR/a936d047aec5e3fcc61b42b75f13587cc2b40099-1.rds`.
[2023-05-11 10:06:40] [INFO]    [OmnipathR] Loaded from cache: `https://omnipathdb.org/complexes?resources=CORUM&license=academic`
[2023-05-11 10:06:40] [SUCCESS] [OmnipathR] Loaded 2734 protein complexes from cache.
[2023-05-11 10:06:47] [TRACE]   [OmnipathR] Loaded data from RDS `/Users/giorgiacucina/Library/Caches/OmnipathR/a936d047aec5e3fcc61b42b75f13587cc2b40099-1.rds`.
[2023-05-11 10:06:47] [INFO]    [OmnipathR] Loaded from cache: `https://omnipathdb.org/complexes?resources=CORUM&license=academic`
[2023-05-11 10:06:47] [SUCCESS] [OmnipathR] Loaded 2734 protein complexes from cache.
[2023-05-11 10:34:38] [TRACE]   [OmnipathR] Loaded data from RDS `/Users/giorgiacucina/Library/Caches/OmnipathR/a936d047aec5e3fcc61b42b75f13587cc2b40099-1.rds`.
[2023-05-11 10:34:38] [INFO]    [OmnipathR] Loaded from cache: `https://omnipathdb.org/complexes?resources=CORUM&license=academic`
[2023-05-11 10:34:38] [SUCCESS] [OmnipathR] Loaded 2734 protein complexes from cache.
[2023-05-11 10:38:42] [TRACE]   [OmnipathR] Loaded data from RDS `/Users/giorgiacucina/Library/Caches/OmnipathR/a936d047aec5e3fcc61b42b75f13587cc2b40099-1.rds`.
[2023-05-11 10:38:42] [INFO]    [OmnipathR] Loaded from cache: `https://omnipathdb.org/complexes?resources=CORUM&license=academic`
[2023-05-11 10:38:42] [SUCCESS] [OmnipathR] Loaded 2734 protein complexes from cache.
[2023-05-11 11:18:02] [TRACE]   [OmnipathR] Loaded data from RDS `/Users/giorgiacucina/Library/Caches/OmnipathR/a936d047aec5e3fcc61b42b75f13587cc2b40099-1.rds`.
[2023-05-11 11:18:02] [INFO]    [OmnipathR] Loaded from cache: `https://omnipathdb.org/complexes?resources=CORUM&license=academic`
[2023-05-11 11:18:02] [SUCCESS] [OmnipathR] Loaded 2734 protein complexes from cache.
[2023-05-11 11:18:32] [TRACE]   [OmnipathR] Loaded data from RDS `/Users/giorgiacucina/Library/Caches/OmnipathR/a936d047aec5e3fcc61b42b75f13587cc2b40099-1.rds`.
[2023-05-11 11:18:32] [INFO]    [OmnipathR] Loaded from cache: `https://omnipathdb.org/complexes?resources=CORUM&license=academic`
[2023-05-11 11:18:32] [SUCCESS] [OmnipathR] Loaded 2734 protein complexes from cache.
[2023-05-11 11:19:40] [TRACE]   [OmnipathR] Loaded data from RDS `/Users/giorgiacucina/Library/Caches/OmnipathR/a936d047aec5e3fcc61b42b75f13587cc2b40099-1.rds`.
[2023-05-11 11:19:40] [INFO]    [OmnipathR] Loaded from cache: `https://omnipathdb.org/complexes?resources=CORUM&license=academic`
[2023-05-11 11:19:40] [SUCCESS] [OmnipathR] Loaded 2734 protein complexes from cache.
[2023-05-11 11:23:38] [TRACE]   [OmnipathR] Loaded data from RDS `/Users/giorgiacucina/Library/Caches/OmnipathR/a936d047aec5e3fcc61b42b75f13587cc2b40099-1.rds`.
[2023-05-11 11:23:38] [INFO]    [OmnipathR] Loaded from cache: `https://omnipathdb.org/complexes?resources=CORUM&license=academic`
[2023-05-11 11:23:38] [SUCCESS] [OmnipathR] Loaded 2734 protein complexes from cache.
[2023-05-11 11:39:53] [TRACE]   [OmnipathR] Loaded data from RDS `/Users/giorgiacucina/Library/Caches/OmnipathR/a936d047aec5e3fcc61b42b75f13587cc2b40099-1.rds`.
[2023-05-11 11:39:53] [INFO]    [OmnipathR] Loaded from cache: `https://omnipathdb.org/complexes?resources=CORUM&license=academic`
[2023-05-11 11:39:53] [SUCCESS] [OmnipathR] Loaded 2734 protein complexes from cache.
[2023-05-11 11:41:09] [TRACE]   [OmnipathR] Loaded data from RDS `/Users/giorgiacucina/Library/Caches/OmnipathR/a936d047aec5e3fcc61b42b75f13587cc2b40099-1.rds`.
[2023-05-11 11:41:09] [INFO]    [OmnipathR] Loaded from cache: `https://omnipathdb.org/complexes?resources=CORUM&license=academic`
[2023-05-11 11:41:09] [SUCCESS] [OmnipathR] Loaded 2734 protein complexes from cache.
[2023-05-11 11:41:20] [TRACE]   [OmnipathR] Loaded data from RDS `/Users/giorgiacucina/Library/Caches/OmnipathR/a936d047aec5e3fcc61b42b75f13587cc2b40099-1.rds`.
[2023-05-11 11:41:20] [INFO]    [OmnipathR] Loaded from cache: `https://omnipathdb.org/complexes?resources=CORUM&license=academic`
[2023-05-11 11:41:20] [SUCCESS] [OmnipathR] Loaded 2734 protein complexes from cache.
[2023-05-11 11:41:35] [TRACE]   [OmnipathR] Loaded data from RDS `/Users/giorgiacucina/Library/Caches/OmnipathR/a936d047aec5e3fcc61b42b75f13587cc2b40099-1.rds`.
[2023-05-11 11:41:35] [INFO]    [OmnipathR] Loaded from cache: `https://omnipathdb.org/complexes?resources=CORUM&license=academic`
[2023-05-11 11:41:35] [SUCCESS] [OmnipathR] Loaded 2734 protein complexes from cache.
[2023-05-11 11:45:13] [TRACE]   [OmnipathR] Loaded data from RDS `/Users/giorgiacucina/Library/Caches/OmnipathR/a936d047aec5e3fcc61b42b75f13587cc2b40099-1.rds`.
[2023-05-11 11:45:13] [INFO]    [OmnipathR] Loaded from cache: `https://omnipathdb.org/complexes?resources=CORUM&license=academic`
[2023-05-11 11:45:13] [SUCCESS] [OmnipathR] Loaded 2734 protein complexes from cache.
[2023-05-11 11:46:47] [TRACE]   [OmnipathR] Loaded data from RDS `/Users/giorgiacucina/Library/Caches/OmnipathR/a936d047aec5e3fcc61b42b75f13587cc2b40099-1.rds`.
[2023-05-11 11:46:47] [INFO]    [OmnipathR] Loaded from cache: `https://omnipathdb.org/complexes?resources=CORUM&license=academic`
[2023-05-11 11:46:47] [SUCCESS] [OmnipathR] Loaded 2734 protein complexes from cache.
[2023-05-11 11:46:49] [TRACE]   [OmnipathR] Loaded data from RDS `/Users/giorgiacucina/Library/Caches/OmnipathR/a936d047aec5e3fcc61b42b75f13587cc2b40099-1.rds`.
[2023-05-11 11:46:49] [INFO]    [OmnipathR] Loaded from cache: `https://omnipathdb.org/complexes?resources=CORUM&license=academic`
[2023-05-11 11:46:49] [SUCCESS] [OmnipathR] Loaded 2734 protein complexes from cache.
[2023-05-11 11:47:25] [TRACE]   [OmnipathR] Loaded data from RDS `/Users/giorgiacucina/Library/Caches/OmnipathR/a936d047aec5e3fcc61b42b75f13587cc2b40099-1.rds`.
[2023-05-11 11:47:25] [INFO]    [OmnipathR] Loaded from cache: `https://omnipathdb.org/complexes?resources=CORUM&license=academic`
[2023-05-11 11:47:25] [SUCCESS] [OmnipathR] Loaded 2734 protein complexes from cache.
[2023-05-11 11:48:24] [TRACE]   [OmnipathR] Loaded data from RDS `/Users/giorgiacucina/Library/Caches/OmnipathR/a936d047aec5e3fcc61b42b75f13587cc2b40099-1.rds`.
[2023-05-11 11:48:24] [INFO]    [OmnipathR] Loaded from cache: `https://omnipathdb.org/complexes?resources=CORUM&license=academic`
[2023-05-11 11:48:24] [SUCCESS] [OmnipathR] Loaded 2734 protein complexes from cache.
[2023-05-11 11:49:25] [TRACE]   [OmnipathR] Loaded data from RDS `/Users/giorgiacucina/Library/Caches/OmnipathR/a936d047aec5e3fcc61b42b75f13587cc2b40099-1.rds`.
[2023-05-11 11:49:25] [INFO]    [OmnipathR] Loaded from cache: `https://omnipathdb.org/complexes?resources=CORUM&license=academic`
[2023-05-11 11:49:25] [SUCCESS] [OmnipathR] Loaded 2734 protein complexes from cache.
[2023-05-11 11:49:50] [TRACE]   [OmnipathR] Loaded data from RDS `/Users/giorgiacucina/Library/Caches/OmnipathR/a936d047aec5e3fcc61b42b75f13587cc2b40099-1.rds`.
[2023-05-11 11:49:50] [INFO]    [OmnipathR] Loaded from cache: `https://omnipathdb.org/complexes?resources=CORUM&license=academic`
[2023-05-11 11:49:50] [SUCCESS] [OmnipathR] Loaded 2734 protein complexes from cache.
[2023-05-11 12:04:45] [TRACE]   [OmnipathR] Loaded data from RDS `/Users/giorgiacucina/Library/Caches/OmnipathR/a936d047aec5e3fcc61b42b75f13587cc2b40099-1.rds`.
[2023-05-11 12:04:45] [INFO]    [OmnipathR] Loaded from cache: `https://omnipathdb.org/complexes?resources=CORUM&license=academic`
[2023-05-11 12:04:45] [SUCCESS] [OmnipathR] Loaded 2734 protein complexes from cache.
[2023-05-11 12:53:12] [TRACE]   [OmnipathR] Loaded data from RDS `/Users/giorgiacucina/Library/Caches/OmnipathR/a936d047aec5e3fcc61b42b75f13587cc2b40099-1.rds`.
[2023-05-11 12:53:12] [INFO]    [OmnipathR] Loaded from cache: `https://omnipathdb.org/complexes?resources=CORUM&license=academic`
[2023-05-11 12:53:12] [SUCCESS] [OmnipathR] Loaded 2734 protein complexes from cache.
[2023-05-11 12:54:24] [TRACE]   [OmnipathR] Loaded data from RDS `/Users/giorgiacucina/Library/Caches/OmnipathR/a936d047aec5e3fcc61b42b75f13587cc2b40099-1.rds`.
[2023-05-11 12:54:24] [INFO]    [OmnipathR] Loaded from cache: `https://omnipathdb.org/complexes?resources=CORUM&license=academic`
[2023-05-11 12:54:24] [SUCCESS] [OmnipathR] Loaded 2734 protein complexes from cache.
[2023-05-11 13:03:37] [TRACE]   [OmnipathR] Loaded data from RDS `/Users/giorgiacucina/Library/Caches/OmnipathR/a936d047aec5e3fcc61b42b75f13587cc2b40099-1.rds`.
[2023-05-11 13:03:37] [INFO]    [OmnipathR] Loaded from cache: `https://omnipathdb.org/complexes?resources=CORUM&license=academic`
[2023-05-11 13:03:37] [SUCCESS] [OmnipathR] Loaded 2734 protein complexes from cache.
[2023-05-11 13:04:58] [TRACE]   [OmnipathR] Loaded data from RDS `/Users/giorgiacucina/Library/Caches/OmnipathR/a936d047aec5e3fcc61b42b75f13587cc2b40099-1.rds`.
[2023-05-11 13:04:58] [INFO]    [OmnipathR] Loaded from cache: `https://omnipathdb.org/complexes?resources=CORUM&license=academic`
[2023-05-11 13:04:58] [SUCCESS] [OmnipathR] Loaded 2734 protein complexes from cache.
[2023-05-11 13:07:25] [TRACE]   [OmnipathR] Loaded data from RDS `/Users/giorgiacucina/Library/Caches/OmnipathR/a936d047aec5e3fcc61b42b75f13587cc2b40099-1.rds`.
[2023-05-11 13:07:25] [INFO]    [OmnipathR] Loaded from cache: `https://omnipathdb.org/complexes?resources=CORUM&license=academic`
[2023-05-11 13:07:25] [SUCCESS] [OmnipathR] Loaded 2734 protein complexes from cache.
